0 info it worked if it ends with ok
1 verbose cli [ '/usr/local/Cellar/node/0.10.24/bin/node',
1 verbose cli   '/usr/local/bin/npm',
1 verbose cli   'install',
1 verbose cli   '-g',
1 verbose cli   'gjslint' ]
2 info using npm@1.3.21
3 info using node@v0.10.24
4 verbose cache add [ 'gjslint', null ]
5 verbose cache add name=undefined spec="gjslint" args=["gjslint",null]
6 verbose parsed url { protocol: null,
6 verbose parsed url   slashes: null,
6 verbose parsed url   auth: null,
6 verbose parsed url   host: null,
6 verbose parsed url   port: null,
6 verbose parsed url   hostname: null,
6 verbose parsed url   hash: null,
6 verbose parsed url   search: null,
6 verbose parsed url   query: null,
6 verbose parsed url   pathname: 'gjslint',
6 verbose parsed url   path: 'gjslint',
6 verbose parsed url   href: 'gjslint' }
7 silly lockFile f19d4bbd-gjslint gjslint
8 verbose lock gjslint /Users/chris_meadows/.npm/f19d4bbd-gjslint.lock
9 silly lockFile f19d4bbd-gjslint gjslint
10 silly lockFile f19d4bbd-gjslint gjslint
11 verbose addNamed [ 'gjslint', '' ]
12 verbose addNamed [ null, '*' ]
13 silly lockFile a7be945e-gjslint gjslint@
14 verbose lock gjslint@ /Users/chris_meadows/.npm/a7be945e-gjslint.lock
15 silly addNameRange { name: 'gjslint', range: '*', hasData: false }
16 verbose url raw gjslint
17 verbose url resolving [ 'https://registry.npmjs.org/', './gjslint' ]
18 verbose url resolved https://registry.npmjs.org/gjslint
19 info trying registry request attempt 1 at 08:30:16
20 http GET https://registry.npmjs.org/gjslint
21 http 404 https://registry.npmjs.org/gjslint
22 silly registry.get cb [ 404,
22 silly registry.get   { date: 'Fri, 31 Jan 2014 13:30:15 GMT',
22 silly registry.get     server: 'CouchDB/1.5.0 (Erlang OTP/R15B03)',
22 silly registry.get     'content-type': 'application/json',
22 silly registry.get     'cache-control': 'max-age=0',
22 silly registry.get     'content-length': '52',
22 silly registry.get     'accept-ranges': 'bytes',
22 silly registry.get     via: '1.1 varnish',
22 silly registry.get     age: '0',
22 silly registry.get     'x-served-by': 'cache-jfk1029-JFK',
22 silly registry.get     'x-cache': 'MISS',
22 silly registry.get     'x-cache-hits': '0',
22 silly registry.get     'x-timer': 'S1391175015.231256008,VS0,VE53',
22 silly registry.get     'keep-alive': 'timeout=10, max=50',
22 silly registry.get     connection: 'Keep-Alive' } ]
23 silly lockFile a7be945e-gjslint gjslint@
24 silly lockFile a7be945e-gjslint gjslint@
25 error 404 'gjslint' is not in the npm registry.
25 error 404 You should bug the author to publish it
25 error 404
25 error 404 Note that you can also install from a
25 error 404 tarball, folder, or http url, or git url.
26 error System Darwin 13.0.0
27 error command "/usr/local/Cellar/node/0.10.24/bin/node" "/usr/local/bin/npm" "install" "-g" "gjslint"
28 error cwd /Users/chris_meadows/.emacs.d
29 error node -v v0.10.24
30 error npm -v 1.3.21
31 error code E404
32 verbose exit [ 1, true ]
